The system is: Linux - 4.19.24-1-MANJARO - x86_64
Compiling the C compiler identification source file "CMakeCCompilerId.c" succeeded.
Compiler: /usr/bin/cc 
Build flags: 
Id flags:  

The output was:
0


Compilation of the C compiler identification source "CMakeCCompilerId.c" produced "a.out"

The C compiler identification is GNU, found in "/home/daedalus/Documents/aeron4need/cppbuild/Release/CMakeFiles/3.13.4/CompilerIdC/a.out"

Compiling the CXX compiler identification source file "CMakeCXXCompilerId.cpp" succeeded.
Compiler: /usr/bin/c++ 
Build flags: 
Id flags:  

The output was:
0


Compilation of the CXX compiler identification source "CMakeCXXCompilerId.cpp" produced "a.out"

The CXX compiler identification is GNU, found in "/home/daedalus/Documents/aeron4need/cppbuild/Release/CMakeFiles/3.13.4/CompilerIdCXX/a.out"

Determining if the C compiler works passed with the following output:
Change Dir: /home/daedalus/Documents/aeron4need/cppbuild/Release/CMakeFiles/CMakeTmp

Run Build Command:"/usr/bin/make" "cmTC_bdf0d/fast"
/usr/bin/make -f CMakeFiles/cmTC_bdf0d.dir/build.make CMakeFiles/cmTC_bdf0d.dir/build
make[1]: Entering directory '/home/daedalus/Documents/aeron4need/cppbuild/Release/CMakeFiles/CMakeTmp'
Building C object CMakeFiles/cmTC_bdf0d.dir/testCCompiler.c.o
/usr/bin/cc    -o CMakeFiles/cmTC_bdf0d.dir/testCCompiler.c.o   -c /home/daedalus/Documents/aeron4need/cppbuild/Release/CMakeFiles/CMakeTmp/testCCompiler.c
Linking C executable cmTC_bdf0d
/usr/local/bin/cmake -E cmake_link_script CMakeFiles/cmTC_bdf0d.dir/link.txt --verbose=1
/usr/bin/cc      -rdynamic CMakeFiles/cmTC_bdf0d.dir/testCCompiler.c.o  -o cmTC_bdf0d 
make[1]: Leaving directory '/home/daedalus/Documents/aeron4need/cppbuild/Release/CMakeFiles/CMakeTmp'


Detecting C compiler ABI info compiled with the following output:
Change Dir: /home/daedalus/Documents/aeron4need/cppbuild/Release/CMakeFiles/CMakeTmp

Run Build Command:"/usr/bin/make" "cmTC_2f5e6/fast"
/usr/bin/make -f CMakeFiles/cmTC_2f5e6.dir/build.make CMakeFiles/cmTC_2f5e6.dir/build
make[1]: Entering directory '/home/daedalus/Documents/aeron4need/cppbuild/Release/CMakeFiles/CMakeTmp'
Building C object CMakeFiles/cmTC_2f5e6.dir/CMakeCCompilerABI.c.o
/usr/bin/cc    -o CMakeFiles/cmTC_2f5e6.dir/CMakeCCompilerABI.c.o   -c /usr/local/share/cmake-3.13/Modules/CMakeCCompilerABI.c
Linking C executable cmTC_2f5e6
/usr/local/bin/cmake -E cmake_link_script CMakeFiles/cmTC_2f5e6.dir/link.txt --verbose=1
/usr/bin/cc     -v -rdynamic CMakeFiles/cmTC_2f5e6.dir/CMakeCCompilerABI.c.o  -o cmTC_2f5e6 
Using built-in specs.
COLLECT_GCC=/usr/bin/cc
COLLECT_LTO_WRAPPER=/usr/lib/gcc/x86_64-pc-linux-gnu/8.2.1/lto-wrapper
Target: x86_64-pc-linux-gnu
Configured with: /build/gcc/src/gcc/configure --prefix=/usr --libdir=/usr/lib --libexecdir=/usr/lib --mandir=/usr/share/man --infodir=/usr/share/info --with-bugurl=https://bugs.archlinux.org/ --enable-languages=c,c++,ada,fortran,go,lto,objc,obj-c++ --enable-shared --enable-threads=posix --enable-libmpx --with-system-zlib --with-isl --enable-__cxa_atexit --disable-libunwind-exceptions --enable-clocale=gnu --disable-libstdcxx-pch --disable-libssp --enable-gnu-unique-object --enable-linker-build-id --enable-lto --enable-plugin --enable-install-libiberty --with-linker-hash-style=gnu --enable-gnu-indirect-function --enable-multilib --disable-werror --enable-checking=release --enable-default-pie --enable-default-ssp --enable-cet=auto
Thread model: posix
gcc version 8.2.1 20181127 (GCC) 
COMPILER_PATH=/usr/lib/gcc/x86_64-pc-linux-gnu/8.2.1/:/usr/lib/gcc/x86_64-pc-linux-gnu/8.2.1/:/usr/lib/gcc/x86_64-pc-linux-gnu/:/usr/lib/gcc/x86_64-pc-linux-gnu/8.2.1/:/usr/lib/gcc/x86_64-pc-linux-gnu/
LIBRARY_PATH=/usr/lib/gcc/x86_64-pc-linux-gnu/8.2.1/:/usr/lib/gcc/x86_64-pc-linux-gnu/8.2.1/../../../../lib/:/lib/../lib/:/usr/lib/../lib/:/usr/lib/gcc/x86_64-pc-linux-gnu/8.2.1/../../../:/lib/:/usr/lib/
COLLECT_GCC_OPTIONS='-v' '-rdynamic' '-o' 'cmTC_2f5e6' '-mtune=generic' '-march=x86-64'
 /usr/lib/gcc/x86_64-pc-linux-gnu/8.2.1/collect2 -plugin /usr/lib/gcc/x86_64-pc-linux-gnu/8.2.1/liblto_plugin.so -plugin-opt=/usr/lib/gcc/x86_64-pc-linux-gnu/8.2.1/lto-wrapper -plugin-opt=-fresolution=/tmp/ccnjW5My.res -plugin-opt=-pass-through=-lgcc -plugin-opt=-pass-through=-lgcc_s -plugin-opt=-pass-through=-lc -plugin-opt=-pass-through=-lgcc -plugin-opt=-pass-through=-lgcc_s --build-id --eh-frame-hdr --hash-style=gnu -m elf_x86_64 -export-dynamic -dynamic-linker /lib64/ld-linux-x86-64.so.2 -pie -o cmTC_2f5e6 /usr/lib/gcc/x86_64-pc-linux-gnu/8.2.1/../../../../lib/Scrt1.o /usr/lib/gcc/x86_64-pc-linux-gnu/8.2.1/../../../../lib/crti.o /usr/lib/gcc/x86_64-pc-linux-gnu/8.2.1/crtbeginS.o -L/usr/lib/gcc/x86_64-pc-linux-gnu/8.2.1 -L/usr/lib/gcc/x86_64-pc-linux-gnu/8.2.1/../../../../lib -L/lib/../lib -L/usr/lib/../lib -L/usr/lib/gcc/x86_64-pc-linux-gnu/8.2.1/../../.. CMakeFiles/cmTC_2f5e6.dir/CMakeCCompilerABI.c.o -lgcc --as-needed -lgcc_s --no-as-needed -lc -lgcc --as-needed -lgcc_s --no-as-needed /usr/lib/gcc/x86_64-pc-linux-gnu/8.2.1/crtendS.o /usr/lib/gcc/x86_64-pc-linux-gnu/8.2.1/../../../../lib/crtn.o
COLLECT_GCC_OPTIONS='-v' '-rdynamic' '-o' 'cmTC_2f5e6' '-mtune=generic' '-march=x86-64'
make[1]: Leaving directory '/home/daedalus/Documents/aeron4need/cppbuild/Release/CMakeFiles/CMakeTmp'


Parsed C implicit link information from above output:
  link line regex: [^( *|.*[/\])(ld|CMAKE_LINK_STARTFILE-NOTFOUND|([^/\]+-)?ld|collect2)[^/\]*( |$)]
  ignore line: [Change Dir: /home/daedalus/Documents/aeron4need/cppbuild/Release/CMakeFiles/CMakeTmp]
  ignore line: []
  ignore line: [Run Build Command:"/usr/bin/make" "cmTC_2f5e6/fast"]
  ignore line: [/usr/bin/make -f CMakeFiles/cmTC_2f5e6.dir/build.make CMakeFiles/cmTC_2f5e6.dir/build]
  ignore line: [make[1]: Entering directory '/home/daedalus/Documents/aeron4need/cppbuild/Release/CMakeFiles/CMakeTmp']
  ignore line: [Building C object CMakeFiles/cmTC_2f5e6.dir/CMakeCCompilerABI.c.o]
  ignore line: [/usr/bin/cc    -o CMakeFiles/cmTC_2f5e6.dir/CMakeCCompilerABI.c.o   -c /usr/local/share/cmake-3.13/Modules/CMakeCCompilerABI.c]
  ignore line: [Linking C executable cmTC_2f5e6]
  ignore line: [/usr/local/bin/cmake -E cmake_link_script CMakeFiles/cmTC_2f5e6.dir/link.txt --verbose=1]
  ignore line: [/usr/bin/cc     -v -rdynamic CMakeFiles/cmTC_2f5e6.dir/CMakeCCompilerABI.c.o  -o cmTC_2f5e6 ]
  ignore line: [Using built-in specs.]
  ignore line: [COLLECT_GCC=/usr/bin/cc]
  ignore line: [COLLECT_LTO_WRAPPER=/usr/lib/gcc/x86_64-pc-linux-gnu/8.2.1/lto-wrapper]
  ignore line: [Target: x86_64-pc-linux-gnu]
  ignore line: [Configured with: /build/gcc/src/gcc/configure --prefix=/usr --libdir=/usr/lib --libexecdir=/usr/lib --mandir=/usr/share/man --infodir=/usr/share/info --with-bugurl=https://bugs.archlinux.org/ --enable-languages=c,c++,ada,fortran,go,lto,objc,obj-c++ --enable-shared --enable-threads=posix --enable-libmpx --with-system-zlib --with-isl --enable-__cxa_atexit --disable-libunwind-exceptions --enable-clocale=gnu --disable-libstdcxx-pch --disable-libssp --enable-gnu-unique-object --enable-linker-build-id --enable-lto --enable-plugin --enable-install-libiberty --with-linker-hash-style=gnu --enable-gnu-indirect-function --enable-multilib --disable-werror --enable-checking=release --enable-default-pie --enable-default-ssp --enable-cet=auto]
  ignore line: [Thread model: posix]
  ignore line: [gcc version 8.2.1 20181127 (GCC) ]
  ignore line: [COMPILER_PATH=/usr/lib/gcc/x86_64-pc-linux-gnu/8.2.1/:/usr/lib/gcc/x86_64-pc-linux-gnu/8.2.1/:/usr/lib/gcc/x86_64-pc-linux-gnu/:/usr/lib/gcc/x86_64-pc-linux-gnu/8.2.1/:/usr/lib/gcc/x86_64-pc-linux-gnu/]
  ignore line: [LIBRARY_PATH=/usr/lib/gcc/x86_64-pc-linux-gnu/8.2.1/:/usr/lib/gcc/x86_64-pc-linux-gnu/8.2.1/../../../../lib/:/lib/../lib/:/usr/lib/../lib/:/usr/lib/gcc/x86_64-pc-linux-gnu/8.2.1/../../../:/lib/:/usr/lib/]
  ignore line: [COLLECT_GCC_OPTIONS='-v' '-rdynamic' '-o' 'cmTC_2f5e6' '-mtune=generic' '-march=x86-64']
  link line: [ /usr/lib/gcc/x86_64-pc-linux-gnu/8.2.1/collect2 -plugin /usr/lib/gcc/x86_64-pc-linux-gnu/8.2.1/liblto_plugin.so -plugin-opt=/usr/lib/gcc/x86_64-pc-linux-gnu/8.2.1/lto-wrapper -plugin-opt=-fresolution=/tmp/ccnjW5My.res -plugin-opt=-pass-through=-lgcc -plugin-opt=-pass-through=-lgcc_s -plugin-opt=-pass-through=-lc -plugin-opt=-pass-through=-lgcc -plugin-opt=-pass-through=-lgcc_s --build-id --eh-frame-hdr --hash-style=gnu -m elf_x86_64 -export-dynamic -dynamic-linker /lib64/ld-linux-x86-64.so.2 -pie -o cmTC_2f5e6 /usr/lib/gcc/x86_64-pc-linux-gnu/8.2.1/../../../../lib/Scrt1.o /usr/lib/gcc/x86_64-pc-linux-gnu/8.2.1/../../../../lib/crti.o /usr/lib/gcc/x86_64-pc-linux-gnu/8.2.1/crtbeginS.o -L/usr/lib/gcc/x86_64-pc-linux-gnu/8.2.1 -L/usr/lib/gcc/x86_64-pc-linux-gnu/8.2.1/../../../../lib -L/lib/../lib -L/usr/lib/../lib -L/usr/lib/gcc/x86_64-pc-linux-gnu/8.2.1/../../.. CMakeFiles/cmTC_2f5e6.dir/CMakeCCompilerABI.c.o -lgcc --as-needed -lgcc_s --no-as-needed -lc -lgcc --as-needed -lgcc_s --no-as-needed /usr/lib/gcc/x86_64-pc-linux-gnu/8.2.1/crtendS.o /usr/lib/gcc/x86_64-pc-linux-gnu/8.2.1/../../../../lib/crtn.o]
    arg [/usr/lib/gcc/x86_64-pc-linux-gnu/8.2.1/collect2] ==> ignore
    arg [-plugin] ==> ignore
    arg [/usr/lib/gcc/x86_64-pc-linux-gnu/8.2.1/liblto_plugin.so] ==> ignore
    arg [-plugin-opt=/usr/lib/gcc/x86_64-pc-linux-gnu/8.2.1/lto-wrapper] ==> ignore
    arg [-plugin-opt=-fresolution=/tmp/ccnjW5My.res] ==> ignore
    arg [-plugin-opt=-pass-through=-lgcc] ==> ignore
    arg [-plugin-opt=-pass-through=-lgcc_s] ==> ignore
    arg [-plugin-opt=-pass-through=-lc] ==> ignore
    arg [-plugin-opt=-pass-through=-lgcc] ==> ignore
    arg [-plugin-opt=-pass-through=-lgcc_s] ==> ignore
    arg [--build-id] ==> ignore
    arg [--eh-frame-hdr] ==> ignore
    arg [--hash-style=gnu] ==> ignore
    arg [-m] ==> ignore
    arg [elf_x86_64] ==> ignore
    arg [-export-dynamic] ==> ignore
    arg [-dynamic-linker] ==> ignore
    arg [/lib64/ld-linux-x86-64.so.2] ==> ignore
    arg [-pie] ==> ignore
    arg [-o] ==> ignore
    arg [cmTC_2f5e6] ==> ignore
    arg [/usr/lib/gcc/x86_64-pc-linux-gnu/8.2.1/../../../../lib/Scrt1.o] ==> ignore
    arg [/usr/lib/gcc/x86_64-pc-linux-gnu/8.2.1/../../../../lib/crti.o] ==> ignore
    arg [/usr/lib/gcc/x86_64-pc-linux-gnu/8.2.1/crtbeginS.o] ==> ignore
    arg [-L/usr/lib/gcc/x86_64-pc-linux-gnu/8.2.1] ==> dir [/usr/lib/gcc/x86_64-pc-linux-gnu/8.2.1]
    arg [-L/usr/lib/gcc/x86_64-pc-linux-gnu/8.2.1/../../../../lib] ==> dir [/usr/lib/gcc/x86_64-pc-linux-gnu/8.2.1/../../../../lib]
    arg [-L/lib/../lib] ==> dir [/lib/../lib]
    arg [-L/usr/lib/../lib] ==> dir [/usr/lib/../lib]
    arg [-L/usr/lib/gcc/x86_64-pc-linux-gnu/8.2.1/../../..] ==> dir [/usr/lib/gcc/x86_64-pc-linux-gnu/8.2.1/../../..]
    arg [CMakeFiles/cmTC_2f5e6.dir/CMakeCCompilerABI.c.o] ==> ignore
    arg [-lgcc] ==> lib [gcc]
    arg [--as-needed] ==> ignore
    arg [-lgcc_s] ==> lib [gcc_s]
    arg [--no-as-needed] ==> ignore
    arg [-lc] ==> lib [c]
    arg [-lgcc] ==> lib [gcc]
    arg [--as-needed] ==> ignore
    arg [-lgcc_s] ==> lib [gcc_s]
    arg [--no-as-needed] ==> ignore
    arg [/usr/lib/gcc/x86_64-pc-linux-gnu/8.2.1/crtendS.o] ==> ignore
    arg [/usr/lib/gcc/x86_64-pc-linux-gnu/8.2.1/../../../../lib/crtn.o] ==> ignore
  collapse library dir [/usr/lib/gcc/x86_64-pc-linux-gnu/8.2.1] ==> [/usr/lib/gcc/x86_64-pc-linux-gnu/8.2.1]
  collapse library dir [/usr/lib/gcc/x86_64-pc-linux-gnu/8.2.1/../../../../lib] ==> [/usr/lib]
  collapse library dir [/lib/../lib] ==> [/lib]
  collapse library dir [/usr/lib/../lib] ==> [/usr/lib]
  collapse library dir [/usr/lib/gcc/x86_64-pc-linux-gnu/8.2.1/../../..] ==> [/usr/lib]
  implicit libs: [gcc;gcc_s;c;gcc;gcc_s]
  implicit dirs: [/usr/lib/gcc/x86_64-pc-linux-gnu/8.2.1;/usr/lib;/lib]
  implicit fwks: []




Detecting C [-std=c11] compiler features compiled with the following output:
Change Dir: /home/daedalus/Documents/aeron4need/cppbuild/Release/CMakeFiles/CMakeTmp

Run Build Command:"/usr/bin/make" "cmTC_00093/fast"
/usr/bin/make -f CMakeFiles/cmTC_00093.dir/build.make CMakeFiles/cmTC_00093.dir/build
make[1]: Entering directory '/home/daedalus/Documents/aeron4need/cppbuild/Release/CMakeFiles/CMakeTmp'
Building C object CMakeFiles/cmTC_00093.dir/feature_tests.c.o
/usr/bin/cc   -std=c11 -o CMakeFiles/cmTC_00093.dir/feature_tests.c.o   -c /home/daedalus/Documents/aeron4need/cppbuild/Release/CMakeFiles/feature_tests.c
Linking C executable cmTC_00093
/usr/local/bin/cmake -E cmake_link_script CMakeFiles/cmTC_00093.dir/link.txt --verbose=1
/usr/bin/cc      -rdynamic CMakeFiles/cmTC_00093.dir/feature_tests.c.o  -o cmTC_00093 
make[1]: Leaving directory '/home/daedalus/Documents/aeron4need/cppbuild/Release/CMakeFiles/CMakeTmp'


    Feature record: C_FEATURE:1c_function_prototypes
    Feature record: C_FEATURE:1c_restrict
    Feature record: C_FEATURE:1c_static_assert
    Feature record: C_FEATURE:1c_variadic_macros


Detecting C [-std=c99] compiler features compiled with the following output:
Change Dir: /home/daedalus/Documents/aeron4need/cppbuild/Release/CMakeFiles/CMakeTmp

Run Build Command:"/usr/bin/make" "cmTC_581f7/fast"
/usr/bin/make -f CMakeFiles/cmTC_581f7.dir/build.make CMakeFiles/cmTC_581f7.dir/build
make[1]: Entering directory '/home/daedalus/Documents/aeron4need/cppbuild/Release/CMakeFiles/CMakeTmp'
Building C object CMakeFiles/cmTC_581f7.dir/feature_tests.c.o
/usr/bin/cc   -std=c99 -o CMakeFiles/cmTC_581f7.dir/feature_tests.c.o   -c /home/daedalus/Documents/aeron4need/cppbuild/Release/CMakeFiles/feature_tests.c
Linking C executable cmTC_581f7
/usr/local/bin/cmake -E cmake_link_script CMakeFiles/cmTC_581f7.dir/link.txt --verbose=1
/usr/bin/cc      -rdynamic CMakeFiles/cmTC_581f7.dir/feature_tests.c.o  -o cmTC_581f7 
make[1]: Leaving directory '/home/daedalus/Documents/aeron4need/cppbuild/Release/CMakeFiles/CMakeTmp'


    Feature record: C_FEATURE:1c_function_prototypes
    Feature record: C_FEATURE:1c_restrict
    Feature record: C_FEATURE:0c_static_assert
    Feature record: C_FEATURE:1c_variadic_macros


Detecting C [-std=c90] compiler features compiled with the following output:
Change Dir: /home/daedalus/Documents/aeron4need/cppbuild/Release/CMakeFiles/CMakeTmp

Run Build Command:"/usr/bin/make" "cmTC_bd461/fast"
/usr/bin/make -f CMakeFiles/cmTC_bd461.dir/build.make CMakeFiles/cmTC_bd461.dir/build
make[1]: Entering directory '/home/daedalus/Documents/aeron4need/cppbuild/Release/CMakeFiles/CMakeTmp'
Building C object CMakeFiles/cmTC_bd461.dir/feature_tests.c.o
/usr/bin/cc   -std=c90 -o CMakeFiles/cmTC_bd461.dir/feature_tests.c.o   -c /home/daedalus/Documents/aeron4need/cppbuild/Release/CMakeFiles/feature_tests.c
Linking C executable cmTC_bd461
/usr/local/bin/cmake -E cmake_link_script CMakeFiles/cmTC_bd461.dir/link.txt --verbose=1
/usr/bin/cc      -rdynamic CMakeFiles/cmTC_bd461.dir/feature_tests.c.o  -o cmTC_bd461 
make[1]: Leaving directory '/home/daedalus/Documents/aeron4need/cppbuild/Release/CMakeFiles/CMakeTmp'


    Feature record: C_FEATURE:1c_function_prototypes
    Feature record: C_FEATURE:0c_restrict
    Feature record: C_FEATURE:0c_static_assert
    Feature record: C_FEATURE:0c_variadic_macros
Determining if the CXX compiler works passed with the following output:
Change Dir: /home/daedalus/Documents/aeron4need/cppbuild/Release/CMakeFiles/CMakeTmp

Run Build Command:"/usr/bin/make" "cmTC_3b109/fast"
/usr/bin/make -f CMakeFiles/cmTC_3b109.dir/build.make CMakeFiles/cmTC_3b109.dir/build
make[1]: Entering directory '/home/daedalus/Documents/aeron4need/cppbuild/Release/CMakeFiles/CMakeTmp'
Building CXX object CMakeFiles/cmTC_3b109.dir/testCXXCompiler.cxx.o
/usr/bin/c++     -o CMakeFiles/cmTC_3b109.dir/testCXXCompiler.cxx.o -c /home/daedalus/Documents/aeron4need/cppbuild/Release/CMakeFiles/CMakeTmp/testCXXCompiler.cxx
Linking CXX executable cmTC_3b109
/usr/local/bin/cmake -E cmake_link_script CMakeFiles/cmTC_3b109.dir/link.txt --verbose=1
/usr/bin/c++       -rdynamic CMakeFiles/cmTC_3b109.dir/testCXXCompiler.cxx.o  -o cmTC_3b109 
make[1]: Leaving directory '/home/daedalus/Documents/aeron4need/cppbuild/Release/CMakeFiles/CMakeTmp'


Detecting CXX compiler ABI info compiled with the following output:
Change Dir: /home/daedalus/Documents/aeron4need/cppbuild/Release/CMakeFiles/CMakeTmp

Run Build Command:"/usr/bin/make" "cmTC_8797b/fast"
/usr/bin/make -f CMakeFiles/cmTC_8797b.dir/build.make CMakeFiles/cmTC_8797b.dir/build
make[1]: Entering directory '/home/daedalus/Documents/aeron4need/cppbuild/Release/CMakeFiles/CMakeTmp'
Building CXX object CMakeFiles/cmTC_8797b.dir/CMakeCXXCompilerABI.cpp.o
/usr/bin/c++     -o CMakeFiles/cmTC_8797b.dir/CMakeCXXCompilerABI.cpp.o -c /usr/local/share/cmake-3.13/Modules/CMakeCXXCompilerABI.cpp
Linking CXX executable cmTC_8797b
/usr/local/bin/cmake -E cmake_link_script CMakeFiles/cmTC_8797b.dir/link.txt --verbose=1
/usr/bin/c++      -v -rdynamic CMakeFiles/cmTC_8797b.dir/CMakeCXXCompilerABI.cpp.o  -o cmTC_8797b 
Using built-in specs.
COLLECT_GCC=/usr/bin/c++
COLLECT_LTO_WRAPPER=/usr/lib/gcc/x86_64-pc-linux-gnu/8.2.1/lto-wrapper
Target: x86_64-pc-linux-gnu
Configured with: /build/gcc/src/gcc/configure --prefix=/usr --libdir=/usr/lib --libexecdir=/usr/lib --mandir=/usr/share/man --infodir=/usr/share/info --with-bugurl=https://bugs.archlinux.org/ --enable-languages=c,c++,ada,fortran,go,lto,objc,obj-c++ --enable-shared --enable-threads=posix --enable-libmpx --with-system-zlib --with-isl --enable-__cxa_atexit --disable-libunwind-exceptions --enable-clocale=gnu --disable-libstdcxx-pch --disable-libssp --enable-gnu-unique-object --enable-linker-build-id --enable-lto --enable-plugin --enable-install-libiberty --with-linker-hash-style=gnu --enable-gnu-indirect-function --enable-multilib --disable-werror --enable-checking=release --enable-default-pie --enable-default-ssp --enable-cet=auto
Thread model: posix
gcc version 8.2.1 20181127 (GCC) 
COMPILER_PATH=/usr/lib/gcc/x86_64-pc-linux-gnu/8.2.1/:/usr/lib/gcc/x86_64-pc-linux-gnu/8.2.1/:/usr/lib/gcc/x86_64-pc-linux-gnu/:/usr/lib/gcc/x86_64-pc-linux-gnu/8.2.1/:/usr/lib/gcc/x86_64-pc-linux-gnu/
LIBRARY_PATH=/usr/lib/gcc/x86_64-pc-linux-gnu/8.2.1/:/usr/lib/gcc/x86_64-pc-linux-gnu/8.2.1/../../../../lib/:/lib/../lib/:/usr/lib/../lib/:/usr/lib/gcc/x86_64-pc-linux-gnu/8.2.1/../../../:/lib/:/usr/lib/
COLLECT_GCC_OPTIONS='-v' '-rdynamic' '-o' 'cmTC_8797b' '-shared-libgcc' '-mtune=generic' '-march=x86-64'
 /usr/lib/gcc/x86_64-pc-linux-gnu/8.2.1/collect2 -plugin /usr/lib/gcc/x86_64-pc-linux-gnu/8.2.1/liblto_plugin.so -plugin-opt=/usr/lib/gcc/x86_64-pc-linux-gnu/8.2.1/lto-wrapper -plugin-opt=-fresolution=/tmp/ccLGM5SV.res -plugin-opt=-pass-through=-lgcc_s -plugin-opt=-pass-through=-lgcc -plugin-opt=-pass-through=-lc -plugin-opt=-pass-through=-lgcc_s -plugin-opt=-pass-through=-lgcc --build-id --eh-frame-hdr --hash-style=gnu -m elf_x86_64 -export-dynamic -dynamic-linker /lib64/ld-linux-x86-64.so.2 -pie -o cmTC_8797b /usr/lib/gcc/x86_64-pc-linux-gnu/8.2.1/../../../../lib/Scrt1.o /usr/lib/gcc/x86_64-pc-linux-gnu/8.2.1/../../../../lib/crti.o /usr/lib/gcc/x86_64-pc-linux-gnu/8.2.1/crtbeginS.o -L/usr/lib/gcc/x86_64-pc-linux-gnu/8.2.1 -L/usr/lib/gcc/x86_64-pc-linux-gnu/8.2.1/../../../../lib -L/lib/../lib -L/usr/lib/../lib -L/usr/lib/gcc/x86_64-pc-linux-gnu/8.2.1/../../.. CMakeFiles/cmTC_8797b.dir/CMakeCXXCompilerABI.cpp.o -lstdc++ -lm -lgcc_s -lgcc -lc -lgcc_s -lgcc /usr/lib/gcc/x86_64-pc-linux-gnu/8.2.1/crtendS.o /usr/lib/gcc/x86_64-pc-linux-gnu/8.2.1/../../../../lib/crtn.o
COLLECT_GCC_OPTIONS='-v' '-rdynamic' '-o' 'cmTC_8797b' '-shared-libgcc' '-mtune=generic' '-march=x86-64'
make[1]: Leaving directory '/home/daedalus/Documents/aeron4need/cppbuild/Release/CMakeFiles/CMakeTmp'


Parsed CXX implicit link information from above output:
  link line regex: [^( *|.*[/\])(ld|CMAKE_LINK_STARTFILE-NOTFOUND|([^/\]+-)?ld|collect2)[^/\]*( |$)]
  ignore line: [Change Dir: /home/daedalus/Documents/aeron4need/cppbuild/Release/CMakeFiles/CMakeTmp]
  ignore line: []
  ignore line: [Run Build Command:"/usr/bin/make" "cmTC_8797b/fast"]
  ignore line: [/usr/bin/make -f CMakeFiles/cmTC_8797b.dir/build.make CMakeFiles/cmTC_8797b.dir/build]
  ignore line: [make[1]: Entering directory '/home/daedalus/Documents/aeron4need/cppbuild/Release/CMakeFiles/CMakeTmp']
  ignore line: [Building CXX object CMakeFiles/cmTC_8797b.dir/CMakeCXXCompilerABI.cpp.o]
  ignore line: [/usr/bin/c++     -o CMakeFiles/cmTC_8797b.dir/CMakeCXXCompilerABI.cpp.o -c /usr/local/share/cmake-3.13/Modules/CMakeCXXCompilerABI.cpp]
  ignore line: [Linking CXX executable cmTC_8797b]
  ignore line: [/usr/local/bin/cmake -E cmake_link_script CMakeFiles/cmTC_8797b.dir/link.txt --verbose=1]
  ignore line: [/usr/bin/c++      -v -rdynamic CMakeFiles/cmTC_8797b.dir/CMakeCXXCompilerABI.cpp.o  -o cmTC_8797b ]
  ignore line: [Using built-in specs.]
  ignore line: [COLLECT_GCC=/usr/bin/c++]
  ignore line: [COLLECT_LTO_WRAPPER=/usr/lib/gcc/x86_64-pc-linux-gnu/8.2.1/lto-wrapper]
  ignore line: [Target: x86_64-pc-linux-gnu]
  ignore line: [Configured with: /build/gcc/src/gcc/configure --prefix=/usr --libdir=/usr/lib --libexecdir=/usr/lib --mandir=/usr/share/man --infodir=/usr/share/info --with-bugurl=https://bugs.archlinux.org/ --enable-languages=c,c++,ada,fortran,go,lto,objc,obj-c++ --enable-shared --enable-threads=posix --enable-libmpx --with-system-zlib --with-isl --enable-__cxa_atexit --disable-libunwind-exceptions --enable-clocale=gnu --disable-libstdcxx-pch --disable-libssp --enable-gnu-unique-object --enable-linker-build-id --enable-lto --enable-plugin --enable-install-libiberty --with-linker-hash-style=gnu --enable-gnu-indirect-function --enable-multilib --disable-werror --enable-checking=release --enable-default-pie --enable-default-ssp --enable-cet=auto]
  ignore line: [Thread model: posix]
  ignore line: [gcc version 8.2.1 20181127 (GCC) ]
  ignore line: [COMPILER_PATH=/usr/lib/gcc/x86_64-pc-linux-gnu/8.2.1/:/usr/lib/gcc/x86_64-pc-linux-gnu/8.2.1/:/usr/lib/gcc/x86_64-pc-linux-gnu/:/usr/lib/gcc/x86_64-pc-linux-gnu/8.2.1/:/usr/lib/gcc/x86_64-pc-linux-gnu/]
  ignore line: [LIBRARY_PATH=/usr/lib/gcc/x86_64-pc-linux-gnu/8.2.1/:/usr/lib/gcc/x86_64-pc-linux-gnu/8.2.1/../../../../lib/:/lib/../lib/:/usr/lib/../lib/:/usr/lib/gcc/x86_64-pc-linux-gnu/8.2.1/../../../:/lib/:/usr/lib/]
  ignore line: [COLLECT_GCC_OPTIONS='-v' '-rdynamic' '-o' 'cmTC_8797b' '-shared-libgcc' '-mtune=generic' '-march=x86-64']
  link line: [ /usr/lib/gcc/x86_64-pc-linux-gnu/8.2.1/collect2 -plugin /usr/lib/gcc/x86_64-pc-linux-gnu/8.2.1/liblto_plugin.so -plugin-opt=/usr/lib/gcc/x86_64-pc-linux-gnu/8.2.1/lto-wrapper -plugin-opt=-fresolution=/tmp/ccLGM5SV.res -plugin-opt=-pass-through=-lgcc_s -plugin-opt=-pass-through=-lgcc -plugin-opt=-pass-through=-lc -plugin-opt=-pass-through=-lgcc_s -plugin-opt=-pass-through=-lgcc --build-id --eh-frame-hdr --hash-style=gnu -m elf_x86_64 -export-dynamic -dynamic-linker /lib64/ld-linux-x86-64.so.2 -pie -o cmTC_8797b /usr/lib/gcc/x86_64-pc-linux-gnu/8.2.1/../../../../lib/Scrt1.o /usr/lib/gcc/x86_64-pc-linux-gnu/8.2.1/../../../../lib/crti.o /usr/lib/gcc/x86_64-pc-linux-gnu/8.2.1/crtbeginS.o -L/usr/lib/gcc/x86_64-pc-linux-gnu/8.2.1 -L/usr/lib/gcc/x86_64-pc-linux-gnu/8.2.1/../../../../lib -L/lib/../lib -L/usr/lib/../lib -L/usr/lib/gcc/x86_64-pc-linux-gnu/8.2.1/../../.. CMakeFiles/cmTC_8797b.dir/CMakeCXXCompilerABI.cpp.o -lstdc++ -lm -lgcc_s -lgcc -lc -lgcc_s -lgcc /usr/lib/gcc/x86_64-pc-linux-gnu/8.2.1/crtendS.o /usr/lib/gcc/x86_64-pc-linux-gnu/8.2.1/../../../../lib/crtn.o]
    arg [/usr/lib/gcc/x86_64-pc-linux-gnu/8.2.1/collect2] ==> ignore
    arg [-plugin] ==> ignore
    arg [/usr/lib/gcc/x86_64-pc-linux-gnu/8.2.1/liblto_plugin.so] ==> ignore
    arg [-plugin-opt=/usr/lib/gcc/x86_64-pc-linux-gnu/8.2.1/lto-wrapper] ==> ignore
    arg [-plugin-opt=-fresolution=/tmp/ccLGM5SV.res] ==> ignore
    arg [-plugin-opt=-pass-through=-lgcc_s] ==> ignore
    arg [-plugin-opt=-pass-through=-lgcc] ==> ignore
    arg [-plugin-opt=-pass-through=-lc] ==> ignore
    arg [-plugin-opt=-pass-through=-lgcc_s] ==> ignore
    arg [-plugin-opt=-pass-through=-lgcc] ==> ignore
    arg [--build-id] ==> ignore
    arg [--eh-frame-hdr] ==> ignore
    arg [--hash-style=gnu] ==> ignore
    arg [-m] ==> ignore
    arg [elf_x86_64] ==> ignore
    arg [-export-dynamic] ==> ignore
    arg [-dynamic-linker] ==> ignore
    arg [/lib64/ld-linux-x86-64.so.2] ==> ignore
    arg [-pie] ==> ignore
    arg [-o] ==> ignore
    arg [cmTC_8797b] ==> ignore
    arg [/usr/lib/gcc/x86_64-pc-linux-gnu/8.2.1/../../../../lib/Scrt1.o] ==> ignore
    arg [/usr/lib/gcc/x86_64-pc-linux-gnu/8.2.1/../../../../lib/crti.o] ==> ignore
    arg [/usr/lib/gcc/x86_64-pc-linux-gnu/8.2.1/crtbeginS.o] ==> ignore
    arg [-L/usr/lib/gcc/x86_64-pc-linux-gnu/8.2.1] ==> dir [/usr/lib/gcc/x86_64-pc-linux-gnu/8.2.1]
    arg [-L/usr/lib/gcc/x86_64-pc-linux-gnu/8.2.1/../../../../lib] ==> dir [/usr/lib/gcc/x86_64-pc-linux-gnu/8.2.1/../../../../lib]
    arg [-L/lib/../lib] ==> dir [/lib/../lib]
    arg [-L/usr/lib/../lib] ==> dir [/usr/lib/../lib]
    arg [-L/usr/lib/gcc/x86_64-pc-linux-gnu/8.2.1/../../..] ==> dir [/usr/lib/gcc/x86_64-pc-linux-gnu/8.2.1/../../..]
    arg [CMakeFiles/cmTC_8797b.dir/CMakeCXXCompilerABI.cpp.o] ==> ignore
    arg [-lstdc++] ==> lib [stdc++]
    arg [-lm] ==> lib [m]
    arg [-lgcc_s] ==> lib [gcc_s]
    arg [-lgcc] ==> lib [gcc]
    arg [-lc] ==> lib [c]
    arg [-lgcc_s] ==> lib [gcc_s]
    arg [-lgcc] ==> lib [gcc]
    arg [/usr/lib/gcc/x86_64-pc-linux-gnu/8.2.1/crtendS.o] ==> ignore
    arg [/usr/lib/gcc/x86_64-pc-linux-gnu/8.2.1/../../../../lib/crtn.o] ==> ignore
  collapse library dir [/usr/lib/gcc/x86_64-pc-linux-gnu/8.2.1] ==> [/usr/lib/gcc/x86_64-pc-linux-gnu/8.2.1]
  collapse library dir [/usr/lib/gcc/x86_64-pc-linux-gnu/8.2.1/../../../../lib] ==> [/usr/lib]
  collapse library dir [/lib/../lib] ==> [/lib]
  collapse library dir [/usr/lib/../lib] ==> [/usr/lib]
  collapse library dir [/usr/lib/gcc/x86_64-pc-linux-gnu/8.2.1/../../..] ==> [/usr/lib]
  implicit libs: [stdc++;m;gcc_s;gcc;c;gcc_s;gcc]
  implicit dirs: [/usr/lib/gcc/x86_64-pc-linux-gnu/8.2.1;/usr/lib;/lib]
  implicit fwks: []




Detecting CXX [-std=c++2a] compiler features compiled with the following output:
Change Dir: /home/daedalus/Documents/aeron4need/cppbuild/Release/CMakeFiles/CMakeTmp

Run Build Command:"/usr/bin/make" "cmTC_7071c/fast"
/usr/bin/make -f CMakeFiles/cmTC_7071c.dir/build.make CMakeFiles/cmTC_7071c.dir/build
make[1]: Entering directory '/home/daedalus/Documents/aeron4need/cppbuild/Release/CMakeFiles/CMakeTmp'
Building CXX object CMakeFiles/cmTC_7071c.dir/feature_tests.cxx.o
/usr/bin/c++    -std=c++2a -o CMakeFiles/cmTC_7071c.dir/feature_tests.cxx.o -c /home/daedalus/Documents/aeron4need/cppbuild/Release/CMakeFiles/feature_tests.cxx
Linking CXX executable cmTC_7071c
/usr/local/bin/cmake -E cmake_link_script CMakeFiles/cmTC_7071c.dir/link.txt --verbose=1
/usr/bin/c++       -rdynamic CMakeFiles/cmTC_7071c.dir/feature_tests.cxx.o  -o cmTC_7071c 
make[1]: Leaving directory '/home/daedalus/Documents/aeron4need/cppbuild/Release/CMakeFiles/CMakeTmp'


    Feature record: CXX_FEATURE:1cxx_aggregate_default_initializers
    Feature record: CXX_FEATURE:1cxx_alias_templates
    Feature record: CXX_FEATURE:1cxx_alignas
    Feature record: CXX_FEATURE:1cxx_alignof
    Feature record: CXX_FEATURE:1cxx_attributes
    Feature record: CXX_FEATURE:1cxx_attribute_deprecated
    Feature record: CXX_FEATURE:1cxx_auto_type
    Feature record: CXX_FEATURE:1cxx_binary_literals
    Feature record: CXX_FEATURE:1cxx_constexpr
    Feature record: CXX_FEATURE:1cxx_contextual_conversions
    Feature record: CXX_FEATURE:1cxx_decltype
    Feature record: CXX_FEATURE:1cxx_decltype_auto
    Feature record: CXX_FEATURE:1cxx_decltype_incomplete_return_types
    Feature record: CXX_FEATURE:1cxx_default_function_template_args
    Feature record: CXX_FEATURE:1cxx_defaulted_functions
    Feature record: CXX_FEATURE:1cxx_defaulted_move_initializers
    Feature record: CXX_FEATURE:1cxx_delegating_constructors
    Feature record: CXX_FEATURE:1cxx_deleted_functions
    Feature record: CXX_FEATURE:1cxx_digit_separators
    Feature record: CXX_FEATURE:1cxx_enum_forward_declarations
    Feature record: CXX_FEATURE:1cxx_explicit_conversions
    Feature record: CXX_FEATURE:1cxx_extended_friend_declarations
    Feature record: CXX_FEATURE:1cxx_extern_templates
    Feature record: CXX_FEATURE:1cxx_final
    Feature record: CXX_FEATURE:1cxx_func_identifier
    Feature record: CXX_FEATURE:1cxx_generalized_initializers
    Feature record: CXX_FEATURE:1cxx_generic_lambdas
    Feature record: CXX_FEATURE:1cxx_inheriting_constructors
    Feature record: CXX_FEATURE:1cxx_inline_namespaces
    Feature record: CXX_FEATURE:1cxx_lambdas
    Feature record: CXX_FEATURE:1cxx_lambda_init_captures
    Feature record: CXX_FEATURE:1cxx_local_type_template_args
    Feature record: CXX_FEATURE:1cxx_long_long_type
    Feature record: CXX_FEATURE:1cxx_noexcept
    Feature record: CXX_FEATURE:1cxx_nonstatic_member_init
    Feature record: CXX_FEATURE:1cxx_nullptr
    Feature record: CXX_FEATURE:1cxx_override
    Feature record: CXX_FEATURE:1cxx_range_for
    Feature record: CXX_FEATURE:1cxx_raw_string_literals
    Feature record: CXX_FEATURE:1cxx_reference_qualified_functions
    Feature record: CXX_FEATURE:1cxx_relaxed_constexpr
    Feature record: CXX_FEATURE:1cxx_return_type_deduction
    Feature record: CXX_FEATURE:1cxx_right_angle_brackets
    Feature record: CXX_FEATURE:1cxx_rvalue_references
    Feature record: CXX_FEATURE:1cxx_sizeof_member
    Feature record: CXX_FEATURE:1cxx_static_assert
    Feature record: CXX_FEATURE:1cxx_strong_enums
    Feature record: CXX_FEATURE:1cxx_template_template_parameters
    Feature record: CXX_FEATURE:1cxx_thread_local
    Feature record: CXX_FEATURE:1cxx_trailing_return_types
    Feature record: CXX_FEATURE:1cxx_unicode_literals
    Feature record: CXX_FEATURE:1cxx_uniform_initialization
    Feature record: CXX_FEATURE:1cxx_unrestricted_unions
    Feature record: CXX_FEATURE:1cxx_user_literals
    Feature record: CXX_FEATURE:1cxx_variable_templates
    Feature record: CXX_FEATURE:1cxx_variadic_macros
    Feature record: CXX_FEATURE:1cxx_variadic_templates


Detecting CXX [-std=c++17] compiler features compiled with the following output:
Change Dir: /home/daedalus/Documents/aeron4need/cppbuild/Release/CMakeFiles/CMakeTmp

Run Build Command:"/usr/bin/make" "cmTC_614fe/fast"
/usr/bin/make -f CMakeFiles/cmTC_614fe.dir/build.make CMakeFiles/cmTC_614fe.dir/build
make[1]: Entering directory '/home/daedalus/Documents/aeron4need/cppbuild/Release/CMakeFiles/CMakeTmp'
Building CXX object CMakeFiles/cmTC_614fe.dir/feature_tests.cxx.o
/usr/bin/c++    -std=c++17 -o CMakeFiles/cmTC_614fe.dir/feature_tests.cxx.o -c /home/daedalus/Documents/aeron4need/cppbuild/Release/CMakeFiles/feature_tests.cxx
Linking CXX executable cmTC_614fe
/usr/local/bin/cmake -E cmake_link_script CMakeFiles/cmTC_614fe.dir/link.txt --verbose=1
/usr/bin/c++       -rdynamic CMakeFiles/cmTC_614fe.dir/feature_tests.cxx.o  -o cmTC_614fe 
make[1]: Leaving directory '/home/daedalus/Documents/aeron4need/cppbuild/Release/CMakeFiles/CMakeTmp'


    Feature record: CXX_FEATURE:1cxx_aggregate_default_initializers
    Feature record: CXX_FEATURE:1cxx_alias_templates
    Feature record: CXX_FEATURE:1cxx_alignas
    Feature record: CXX_FEATURE:1cxx_alignof
    Feature record: CXX_FEATURE:1cxx_attributes
    Feature record: CXX_FEATURE:1cxx_attribute_deprecated
    Feature record: CXX_FEATURE:1cxx_auto_type
    Feature record: CXX_FEATURE:1cxx_binary_literals
    Feature record: CXX_FEATURE:1cxx_constexpr
    Feature record: CXX_FEATURE:1cxx_contextual_conversions
    Feature record: CXX_FEATURE:1cxx_decltype
    Feature record: CXX_FEATURE:1cxx_decltype_auto
    Feature record: CXX_FEATURE:1cxx_decltype_incomplete_return_types
    Feature record: CXX_FEATURE:1cxx_default_function_template_args
    Feature record: CXX_FEATURE:1cxx_defaulted_functions
    Feature record: CXX_FEATURE:1cxx_defaulted_move_initializers
    Feature record: CXX_FEATURE:1cxx_delegating_constructors
    Feature record: CXX_FEATURE:1cxx_deleted_functions
    Feature record: CXX_FEATURE:1cxx_digit_separators
    Feature record: CXX_FEATURE:1cxx_enum_forward_declarations
    Feature record: CXX_FEATURE:1cxx_explicit_conversions
    Feature record: CXX_FEATURE:1cxx_extended_friend_declarations
    Feature record: CXX_FEATURE:1cxx_extern_templates
    Feature record: CXX_FEATURE:1cxx_final
    Feature record: CXX_FEATURE:1cxx_func_identifier
    Feature record: CXX_FEATURE:1cxx_generalized_initializers
    Feature record: CXX_FEATURE:1cxx_generic_lambdas
    Feature record: CXX_FEATURE:1cxx_inheriting_constructors
    Feature record: CXX_FEATURE:1cxx_inline_namespaces
    Feature record: CXX_FEATURE:1cxx_lambdas
    Feature record: CXX_FEATURE:1cxx_lambda_init_captures
    Feature record: CXX_FEATURE:1cxx_local_type_template_args
    Feature record: CXX_FEATURE:1cxx_long_long_type
    Feature record: CXX_FEATURE:1cxx_noexcept
    Feature record: CXX_FEATURE:1cxx_nonstatic_member_init
    Feature record: CXX_FEATURE:1cxx_nullptr
    Feature record: CXX_FEATURE:1cxx_override
    Feature record: CXX_FEATURE:1cxx_range_for
    Feature record: CXX_FEATURE:1cxx_raw_string_literals
    Feature record: CXX_FEATURE:1cxx_reference_qualified_functions
    Feature record: CXX_FEATURE:1cxx_relaxed_constexpr
    Feature record: CXX_FEATURE:1cxx_return_type_deduction
    Feature record: CXX_FEATURE:1cxx_right_angle_brackets
    Feature record: CXX_FEATURE:1cxx_rvalue_references
    Feature record: CXX_FEATURE:1cxx_sizeof_member
    Feature record: CXX_FEATURE:1cxx_static_assert
    Feature record: CXX_FEATURE:1cxx_strong_enums
    Feature record: CXX_FEATURE:1cxx_template_template_parameters
    Feature record: CXX_FEATURE:1cxx_thread_local
    Feature record: CXX_FEATURE:1cxx_trailing_return_types
    Feature record: CXX_FEATURE:1cxx_unicode_literals
    Feature record: CXX_FEATURE:1cxx_uniform_initialization
    Feature record: CXX_FEATURE:1cxx_unrestricted_unions
    Feature record: CXX_FEATURE:1cxx_user_literals
    Feature record: CXX_FEATURE:1cxx_variable_templates
    Feature record: CXX_FEATURE:1cxx_variadic_macros
    Feature record: CXX_FEATURE:1cxx_variadic_templates


Detecting CXX [-std=c++14] compiler features compiled with the following output:
Change Dir: /home/daedalus/Documents/aeron4need/cppbuild/Release/CMakeFiles/CMakeTmp

Run Build Command:"/usr/bin/make" "cmTC_825de/fast"
/usr/bin/make -f CMakeFiles/cmTC_825de.dir/build.make CMakeFiles/cmTC_825de.dir/build
make[1]: Entering directory '/home/daedalus/Documents/aeron4need/cppbuild/Release/CMakeFiles/CMakeTmp'
Building CXX object CMakeFiles/cmTC_825de.dir/feature_tests.cxx.o
/usr/bin/c++    -std=c++14 -o CMakeFiles/cmTC_825de.dir/feature_tests.cxx.o -c /home/daedalus/Documents/aeron4need/cppbuild/Release/CMakeFiles/feature_tests.cxx
Linking CXX executable cmTC_825de
/usr/local/bin/cmake -E cmake_link_script CMakeFiles/cmTC_825de.dir/link.txt --verbose=1
/usr/bin/c++       -rdynamic CMakeFiles/cmTC_825de.dir/feature_tests.cxx.o  -o cmTC_825de 
make[1]: Leaving directory '/home/daedalus/Documents/aeron4need/cppbuild/Release/CMakeFiles/CMakeTmp'


    Feature record: CXX_FEATURE:1cxx_aggregate_default_initializers
    Feature record: CXX_FEATURE:1cxx_alias_templates
    Feature record: CXX_FEATURE:1cxx_alignas
    Feature record: CXX_FEATURE:1cxx_alignof
    Feature record: CXX_FEATURE:1cxx_attributes
    Feature record: CXX_FEATURE:1cxx_attribute_deprecated
    Feature record: CXX_FEATURE:1cxx_auto_type
    Feature record: CXX_FEATURE:1cxx_binary_literals
    Feature record: CXX_FEATURE:1cxx_constexpr
    Feature record: CXX_FEATURE:1cxx_contextual_conversions
    Feature record: CXX_FEATURE:1cxx_decltype
    Feature record: CXX_FEATURE:1cxx_decltype_auto
    Feature record: CXX_FEATURE:1cxx_decltype_incomplete_return_types
    Feature record: CXX_FEATURE:1cxx_default_function_template_args
    Feature record: CXX_FEATURE:1cxx_defaulted_functions
    Feature record: CXX_FEATURE:1cxx_defaulted_move_initializers
    Feature record: CXX_FEATURE:1cxx_delegating_constructors
    Feature record: CXX_FEATURE:1cxx_deleted_functions
    Feature record: CXX_FEATURE:1cxx_digit_separators
    Feature record: CXX_FEATURE:1cxx_enum_forward_declarations
    Feature record: CXX_FEATURE:1cxx_explicit_conversions
    Feature record: CXX_FEATURE:1cxx_extended_friend_declarations
    Feature record: CXX_FEATURE:1cxx_extern_templates
    Feature record: CXX_FEATURE:1cxx_final
    Feature record: CXX_FEATURE:1cxx_func_identifier
    Feature record: CXX_FEATURE:1cxx_generalized_initializers
    Feature record: CXX_FEATURE:1cxx_generic_lambdas
    Feature record: CXX_FEATURE:1cxx_inheriting_constructors
    Feature record: CXX_FEATURE:1cxx_inline_namespaces
    Feature record: CXX_FEATURE:1cxx_lambdas
    Feature record: CXX_FEATURE:1cxx_lambda_init_captures
    Feature record: CXX_FEATURE:1cxx_local_type_template_args
    Feature record: CXX_FEATURE:1cxx_long_long_type
    Feature record: CXX_FEATURE:1cxx_noexcept
    Feature record: CXX_FEATURE:1cxx_nonstatic_member_init
    Feature record: CXX_FEATURE:1cxx_nullptr
    Feature record: CXX_FEATURE:1cxx_override
    Feature record: CXX_FEATURE:1cxx_range_for
    Feature record: CXX_FEATURE:1cxx_raw_string_literals
    Feature record: CXX_FEATURE:1cxx_reference_qualified_functions
    Feature record: CXX_FEATURE:1cxx_relaxed_constexpr
    Feature record: CXX_FEATURE:1cxx_return_type_deduction
    Feature record: CXX_FEATURE:1cxx_right_angle_brackets
    Feature record: CXX_FEATURE:1cxx_rvalue_references
    Feature record: CXX_FEATURE:1cxx_sizeof_member
    Feature record: CXX_FEATURE:1cxx_static_assert
    Feature record: CXX_FEATURE:1cxx_strong_enums
    Feature record: CXX_FEATURE:1cxx_template_template_parameters
    Feature record: CXX_FEATURE:1cxx_thread_local
    Feature record: CXX_FEATURE:1cxx_trailing_return_types
    Feature record: CXX_FEATURE:1cxx_unicode_literals
    Feature record: CXX_FEATURE:1cxx_uniform_initialization
    Feature record: CXX_FEATURE:1cxx_unrestricted_unions
    Feature record: CXX_FEATURE:1cxx_user_literals
    Feature record: CXX_FEATURE:1cxx_variable_templates
    Feature record: CXX_FEATURE:1cxx_variadic_macros
    Feature record: CXX_FEATURE:1cxx_variadic_templates


Detecting CXX [-std=c++11] compiler features compiled with the following output:
Change Dir: /home/daedalus/Documents/aeron4need/cppbuild/Release/CMakeFiles/CMakeTmp

Run Build Command:"/usr/bin/make" "cmTC_c6db7/fast"
/usr/bin/make -f CMakeFiles/cmTC_c6db7.dir/build.make CMakeFiles/cmTC_c6db7.dir/build
make[1]: Entering directory '/home/daedalus/Documents/aeron4need/cppbuild/Release/CMakeFiles/CMakeTmp'
Building CXX object CMakeFiles/cmTC_c6db7.dir/feature_tests.cxx.o
/usr/bin/c++    -std=c++11 -o CMakeFiles/cmTC_c6db7.dir/feature_tests.cxx.o -c /home/daedalus/Documents/aeron4need/cppbuild/Release/CMakeFiles/feature_tests.cxx
Linking CXX executable cmTC_c6db7
/usr/local/bin/cmake -E cmake_link_script CMakeFiles/cmTC_c6db7.dir/link.txt --verbose=1
/usr/bin/c++       -rdynamic CMakeFiles/cmTC_c6db7.dir/feature_tests.cxx.o  -o cmTC_c6db7 
make[1]: Leaving directory '/home/daedalus/Documents/aeron4need/cppbuild/Release/CMakeFiles/CMakeTmp'


    Feature record: CXX_FEATURE:0cxx_aggregate_default_initializers
    Feature record: CXX_FEATURE:1cxx_alias_templates
    Feature record: CXX_FEATURE:1cxx_alignas
    Feature record: CXX_FEATURE:1cxx_alignof
    Feature record: CXX_FEATURE:1cxx_attributes
    Feature record: CXX_FEATURE:0cxx_attribute_deprecated
    Feature record: CXX_FEATURE:1cxx_auto_type
    Feature record: CXX_FEATURE:0cxx_binary_literals
    Feature record: CXX_FEATURE:1cxx_constexpr
    Feature record: CXX_FEATURE:0cxx_contextual_conversions
    Feature record: CXX_FEATURE:1cxx_decltype
    Feature record: CXX_FEATURE:0cxx_decltype_auto
    Feature record: CXX_FEATURE:1cxx_decltype_incomplete_return_types
    Feature record: CXX_FEATURE:1cxx_default_function_template_args
    Feature record: CXX_FEATURE:1cxx_defaulted_functions
    Feature record: CXX_FEATURE:1cxx_defaulted_move_initializers
    Feature record: CXX_FEATURE:1cxx_delegating_constructors
    Feature record: CXX_FEATURE:1cxx_deleted_functions
    Feature record: CXX_FEATURE:0cxx_digit_separators
    Feature record: CXX_FEATURE:1cxx_enum_forward_declarations
    Feature record: CXX_FEATURE:1cxx_explicit_conversions
    Feature record: CXX_FEATURE:1cxx_extended_friend_declarations
    Feature record: CXX_FEATURE:1cxx_extern_templates
    Feature record: CXX_FEATURE:1cxx_final
    Feature record: CXX_FEATURE:1cxx_func_identifier
    Feature record: CXX_FEATURE:1cxx_generalized_initializers
    Feature record: CXX_FEATURE:0cxx_generic_lambdas
    Feature record: CXX_FEATURE:1cxx_inheriting_constructors
    Feature record: CXX_FEATURE:1cxx_inline_namespaces
    Feature record: CXX_FEATURE:1cxx_lambdas
    Feature record: CXX_FEATURE:0cxx_lambda_init_captures
    Feature record: CXX_FEATURE:1cxx_local_type_template_args
    Feature record: CXX_FEATURE:1cxx_long_long_type
    Feature record: CXX_FEATURE:1cxx_noexcept
    Feature record: CXX_FEATURE:1cxx_nonstatic_member_init
    Feature record: CXX_FEATURE:1cxx_nullptr
    Feature record: CXX_FEATURE:1cxx_override
    Feature record: CXX_FEATURE:1cxx_range_for
    Feature record: CXX_FEATURE:1cxx_raw_string_literals
    Feature record: CXX_FEATURE:1cxx_reference_qualified_functions
    Feature record: CXX_FEATURE:0cxx_relaxed_constexpr
    Feature record: CXX_FEATURE:0cxx_return_type_deduction
    Feature record: CXX_FEATURE:1cxx_right_angle_brackets
    Feature record: CXX_FEATURE:1cxx_rvalue_references
    Feature record: CXX_FEATURE:1cxx_sizeof_member
    Feature record: CXX_FEATURE:1cxx_static_assert
    Feature record: CXX_FEATURE:1cxx_strong_enums
    Feature record: CXX_FEATURE:1cxx_template_template_parameters
    Feature record: CXX_FEATURE:1cxx_thread_local
    Feature record: CXX_FEATURE:1cxx_trailing_return_types
    Feature record: CXX_FEATURE:1cxx_unicode_literals
    Feature record: CXX_FEATURE:1cxx_uniform_initialization
    Feature record: CXX_FEATURE:1cxx_unrestricted_unions
    Feature record: CXX_FEATURE:1cxx_user_literals
    Feature record: CXX_FEATURE:0cxx_variable_templates
    Feature record: CXX_FEATURE:1cxx_variadic_macros
    Feature record: CXX_FEATURE:1cxx_variadic_templates


Detecting CXX [-std=c++98] compiler features compiled with the following output:
Change Dir: /home/daedalus/Documents/aeron4need/cppbuild/Release/CMakeFiles/CMakeTmp

Run Build Command:"/usr/bin/make" "cmTC_3d522/fast"
/usr/bin/make -f CMakeFiles/cmTC_3d522.dir/build.make CMakeFiles/cmTC_3d522.dir/build
make[1]: Entering directory '/home/daedalus/Documents/aeron4need/cppbuild/Release/CMakeFiles/CMakeTmp'
Building CXX object CMakeFiles/cmTC_3d522.dir/feature_tests.cxx.o
/usr/bin/c++    -std=c++98 -o CMakeFiles/cmTC_3d522.dir/feature_tests.cxx.o -c /home/daedalus/Documents/aeron4need/cppbuild/Release/CMakeFiles/feature_tests.cxx
Linking CXX executable cmTC_3d522
/usr/local/bin/cmake -E cmake_link_script CMakeFiles/cmTC_3d522.dir/link.txt --verbose=1
/usr/bin/c++       -rdynamic CMakeFiles/cmTC_3d522.dir/feature_tests.cxx.o  -o cmTC_3d522 
make[1]: Leaving directory '/home/daedalus/Documents/aeron4need/cppbuild/Release/CMakeFiles/CMakeTmp'


    Feature record: CXX_FEATURE:0cxx_aggregate_default_initializers
    Feature record: CXX_FEATURE:0cxx_alias_templates
    Feature record: CXX_FEATURE:0cxx_alignas
    Feature record: CXX_FEATURE:0cxx_alignof
    Feature record: CXX_FEATURE:0cxx_attributes
    Feature record: CXX_FEATURE:0cxx_attribute_deprecated
    Feature record: CXX_FEATURE:0cxx_auto_type
    Feature record: CXX_FEATURE:0cxx_binary_literals
    Feature record: CXX_FEATURE:0cxx_constexpr
    Feature record: CXX_FEATURE:0cxx_contextual_conversions
    Feature record: CXX_FEATURE:0cxx_decltype
    Feature record: CXX_FEATURE:0cxx_decltype_auto
    Feature record: CXX_FEATURE:0cxx_decltype_incomplete_return_types
    Feature record: CXX_FEATURE:0cxx_default_function_template_args
    Feature record: CXX_FEATURE:0cxx_defaulted_functions
    Feature record: CXX_FEATURE:0cxx_defaulted_move_initializers
    Feature record: CXX_FEATURE:0cxx_delegating_constructors
    Feature record: CXX_FEATURE:0cxx_deleted_functions
    Feature record: CXX_FEATURE:0cxx_digit_separators
    Feature record: CXX_FEATURE:0cxx_enum_forward_declarations
    Feature record: CXX_FEATURE:0cxx_explicit_conversions
    Feature record: CXX_FEATURE:0cxx_extended_friend_declarations
    Feature record: CXX_FEATURE:0cxx_extern_templates
    Feature record: CXX_FEATURE:0cxx_final
    Feature record: CXX_FEATURE:0cxx_func_identifier
    Feature record: CXX_FEATURE:0cxx_generalized_initializers
    Feature record: CXX_FEATURE:0cxx_generic_lambdas
    Feature record: CXX_FEATURE:0cxx_inheriting_constructors
    Feature record: CXX_FEATURE:0cxx_inline_namespaces
    Feature record: CXX_FEATURE:0cxx_lambdas
    Feature record: CXX_FEATURE:0cxx_lambda_init_captures
    Feature record: CXX_FEATURE:0cxx_local_type_template_args
    Feature record: CXX_FEATURE:0cxx_long_long_type
    Feature record: CXX_FEATURE:0cxx_noexcept
    Feature record: CXX_FEATURE:0cxx_nonstatic_member_init
    Feature record: CXX_FEATURE:0cxx_nullptr
    Feature record: CXX_FEATURE:0cxx_override
    Feature record: CXX_FEATURE:0cxx_range_for
    Feature record: CXX_FEATURE:0cxx_raw_string_literals
    Feature record: CXX_FEATURE:0cxx_reference_qualified_functions
    Feature record: CXX_FEATURE:0cxx_relaxed_constexpr
    Feature record: CXX_FEATURE:0cxx_return_type_deduction
    Feature record: CXX_FEATURE:0cxx_right_angle_brackets
    Feature record: CXX_FEATURE:0cxx_rvalue_references
    Feature record: CXX_FEATURE:0cxx_sizeof_member
    Feature record: CXX_FEATURE:0cxx_static_assert
    Feature record: CXX_FEATURE:0cxx_strong_enums
    Feature record: CXX_FEATURE:1cxx_template_template_parameters
    Feature record: CXX_FEATURE:0cxx_thread_local
    Feature record: CXX_FEATURE:0cxx_trailing_return_types
    Feature record: CXX_FEATURE:0cxx_unicode_literals
    Feature record: CXX_FEATURE:0cxx_uniform_initialization
    Feature record: CXX_FEATURE:0cxx_unrestricted_unions
    Feature record: CXX_FEATURE:0cxx_user_literals
    Feature record: CXX_FEATURE:0cxx_variable_templates
    Feature record: CXX_FEATURE:0cxx_variadic_macros
    Feature record: CXX_FEATURE:0cxx_variadic_templates
Determining if the include file pthread.h exists passed with the following output:
Change Dir: /home/daedalus/Documents/aeron4need/cppbuild/Release/CMakeFiles/CMakeTmp

Run Build Command:"/usr/bin/make" "cmTC_6dafd/fast"
/usr/bin/make -f CMakeFiles/cmTC_6dafd.dir/build.make CMakeFiles/cmTC_6dafd.dir/build
make[1]: Entering directory '/home/daedalus/Documents/aeron4need/cppbuild/Release/CMakeFiles/CMakeTmp'
Building C object CMakeFiles/cmTC_6dafd.dir/CheckIncludeFile.c.o
/usr/bin/cc    -o CMakeFiles/cmTC_6dafd.dir/CheckIncludeFile.c.o   -c /home/daedalus/Documents/aeron4need/cppbuild/Release/CMakeFiles/CMakeTmp/CheckIncludeFile.c
Linking C executable cmTC_6dafd
/usr/local/bin/cmake -E cmake_link_script CMakeFiles/cmTC_6dafd.dir/link.txt --verbose=1
/usr/bin/cc      -rdynamic CMakeFiles/cmTC_6dafd.dir/CheckIncludeFile.c.o  -o cmTC_6dafd 
make[1]: Leaving directory '/home/daedalus/Documents/aeron4need/cppbuild/Release/CMakeFiles/CMakeTmp'


Determining if the function pthread_create exists in the pthread passed with the following output:
Change Dir: /home/daedalus/Documents/aeron4need/cppbuild/Release/CMakeFiles/CMakeTmp

Run Build Command:"/usr/bin/make" "cmTC_1dcf6/fast"
/usr/bin/make -f CMakeFiles/cmTC_1dcf6.dir/build.make CMakeFiles/cmTC_1dcf6.dir/build
make[1]: Entering directory '/home/daedalus/Documents/aeron4need/cppbuild/Release/CMakeFiles/CMakeTmp'
Building C object CMakeFiles/cmTC_1dcf6.dir/CheckFunctionExists.c.o
/usr/bin/cc   -DCHECK_FUNCTION_EXISTS=pthread_create   -o CMakeFiles/cmTC_1dcf6.dir/CheckFunctionExists.c.o   -c /usr/local/share/cmake-3.13/Modules/CheckFunctionExists.c
Linking C executable cmTC_1dcf6
/usr/local/bin/cmake -E cmake_link_script CMakeFiles/cmTC_1dcf6.dir/link.txt --verbose=1
/usr/bin/cc  -DCHECK_FUNCTION_EXISTS=pthread_create    -rdynamic CMakeFiles/cmTC_1dcf6.dir/CheckFunctionExists.c.o  -o cmTC_1dcf6 -lpthread 
make[1]: Leaving directory '/home/daedalus/Documents/aeron4need/cppbuild/Release/CMakeFiles/CMakeTmp'


Determining if the include file bsd/stdlib.h exists passed with the following output:
Change Dir: /home/daedalus/Documents/aeron4need/cppbuild/Release/CMakeFiles/CMakeTmp

Run Build Command:"/usr/bin/make" "cmTC_f5a05/fast"
/usr/bin/make -f CMakeFiles/cmTC_f5a05.dir/build.make CMakeFiles/cmTC_f5a05.dir/build
make[1]: Entering directory '/home/daedalus/Documents/aeron4need/cppbuild/Release/CMakeFiles/CMakeTmp'
Building C object CMakeFiles/cmTC_f5a05.dir/CheckIncludeFile.c.o
/usr/bin/cc -D_GNU_SOURCE   -o CMakeFiles/cmTC_f5a05.dir/CheckIncludeFile.c.o   -c /home/daedalus/Documents/aeron4need/cppbuild/Release/CMakeFiles/CMakeTmp/CheckIncludeFile.c
Linking C executable cmTC_f5a05
/usr/local/bin/cmake -E cmake_link_script CMakeFiles/cmTC_f5a05.dir/link.txt --verbose=1
/usr/bin/cc      -rdynamic CMakeFiles/cmTC_f5a05.dir/CheckIncludeFile.c.o  -o cmTC_f5a05 
make[1]: Leaving directory '/home/daedalus/Documents/aeron4need/cppbuild/Release/CMakeFiles/CMakeTmp'


Determining if the include file uuid/uuid.h exists passed with the following output:
Change Dir: /home/daedalus/Documents/aeron4need/cppbuild/Release/CMakeFiles/CMakeTmp

Run Build Command:"/usr/bin/make" "cmTC_49601/fast"
/usr/bin/make -f CMakeFiles/cmTC_49601.dir/build.make CMakeFiles/cmTC_49601.dir/build
make[1]: Entering directory '/home/daedalus/Documents/aeron4need/cppbuild/Release/CMakeFiles/CMakeTmp'
Building C object CMakeFiles/cmTC_49601.dir/CheckIncludeFile.c.o
/usr/bin/cc -D_GNU_SOURCE   -o CMakeFiles/cmTC_49601.dir/CheckIncludeFile.c.o   -c /home/daedalus/Documents/aeron4need/cppbuild/Release/CMakeFiles/CMakeTmp/CheckIncludeFile.c
Linking C executable cmTC_49601
/usr/local/bin/cmake -E cmake_link_script CMakeFiles/cmTC_49601.dir/link.txt --verbose=1
/usr/bin/cc      -rdynamic CMakeFiles/cmTC_49601.dir/CheckIncludeFile.c.o  -o cmTC_49601 
make[1]: Leaving directory '/home/daedalus/Documents/aeron4need/cppbuild/Release/CMakeFiles/CMakeTmp'


Determining if the arc4random exist passed with the following output:
Change Dir: /home/daedalus/Documents/aeron4need/cppbuild/Release/CMakeFiles/CMakeTmp

Run Build Command:"/usr/bin/make" "cmTC_d1808/fast"
/usr/bin/make -f CMakeFiles/cmTC_d1808.dir/build.make CMakeFiles/cmTC_d1808.dir/build
make[1]: Entering directory '/home/daedalus/Documents/aeron4need/cppbuild/Release/CMakeFiles/CMakeTmp'
Building C object CMakeFiles/cmTC_d1808.dir/CheckSymbolExists.c.o
/usr/bin/cc -D_GNU_SOURCE   -o CMakeFiles/cmTC_d1808.dir/CheckSymbolExists.c.o   -c /home/daedalus/Documents/aeron4need/cppbuild/Release/CMakeFiles/CMakeTmp/CheckSymbolExists.c
Linking C executable cmTC_d1808
/usr/local/bin/cmake -E cmake_link_script CMakeFiles/cmTC_d1808.dir/link.txt --verbose=1
/usr/bin/cc      -rdynamic CMakeFiles/cmTC_d1808.dir/CheckSymbolExists.c.o  -o cmTC_d1808 -lbsd -luuid 
make[1]: Leaving directory '/home/daedalus/Documents/aeron4need/cppbuild/Release/CMakeFiles/CMakeTmp'

File /home/daedalus/Documents/aeron4need/cppbuild/Release/CMakeFiles/CMakeTmp/CheckSymbolExists.c:
/* */
#include <bsd/stdlib.h>

int main(int argc, char** argv)
{
  (void)argv;
#ifndef arc4random
  return ((int*)(&arc4random))[argc];
#else
  (void)argc;
  return 0;
#endif
}

Determining if the uuid_generate exist passed with the following output:
Change Dir: /home/daedalus/Documents/aeron4need/cppbuild/Release/CMakeFiles/CMakeTmp

Run Build Command:"/usr/bin/make" "cmTC_18b05/fast"
/usr/bin/make -f CMakeFiles/cmTC_18b05.dir/build.make CMakeFiles/cmTC_18b05.dir/build
make[1]: Entering directory '/home/daedalus/Documents/aeron4need/cppbuild/Release/CMakeFiles/CMakeTmp'
Building C object CMakeFiles/cmTC_18b05.dir/CheckSymbolExists.c.o
/usr/bin/cc -D_GNU_SOURCE   -o CMakeFiles/cmTC_18b05.dir/CheckSymbolExists.c.o   -c /home/daedalus/Documents/aeron4need/cppbuild/Release/CMakeFiles/CMakeTmp/CheckSymbolExists.c
Linking C executable cmTC_18b05
/usr/local/bin/cmake -E cmake_link_script CMakeFiles/cmTC_18b05.dir/link.txt --verbose=1
/usr/bin/cc      -rdynamic CMakeFiles/cmTC_18b05.dir/CheckSymbolExists.c.o  -o cmTC_18b05 -lbsd -luuid 
make[1]: Leaving directory '/home/daedalus/Documents/aeron4need/cppbuild/Release/CMakeFiles/CMakeTmp'

File /home/daedalus/Documents/aeron4need/cppbuild/Release/CMakeFiles/CMakeTmp/CheckSymbolExists.c:
/* */
#include <uuid/uuid.h>

int main(int argc, char** argv)
{
  (void)argv;
#ifndef uuid_generate
  return ((int*)(&uuid_generate))[argc];
#else
  (void)argc;
  return 0;
#endif
}

Determining if the poll exist passed with the following output:
Change Dir: /home/daedalus/Documents/aeron4need/cppbuild/Release/CMakeFiles/CMakeTmp

Run Build Command:"/usr/bin/make" "cmTC_b6646/fast"
/usr/bin/make -f CMakeFiles/cmTC_b6646.dir/build.make CMakeFiles/cmTC_b6646.dir/build
make[1]: Entering directory '/home/daedalus/Documents/aeron4need/cppbuild/Release/CMakeFiles/CMakeTmp'
Building C object CMakeFiles/cmTC_b6646.dir/CheckSymbolExists.c.o
/usr/bin/cc -D_GNU_SOURCE   -o CMakeFiles/cmTC_b6646.dir/CheckSymbolExists.c.o   -c /home/daedalus/Documents/aeron4need/cppbuild/Release/CMakeFiles/CMakeTmp/CheckSymbolExists.c
Linking C executable cmTC_b6646
/usr/local/bin/cmake -E cmake_link_script CMakeFiles/cmTC_b6646.dir/link.txt --verbose=1
/usr/bin/cc      -rdynamic CMakeFiles/cmTC_b6646.dir/CheckSymbolExists.c.o  -o cmTC_b6646 -lbsd -luuid 
make[1]: Leaving directory '/home/daedalus/Documents/aeron4need/cppbuild/Release/CMakeFiles/CMakeTmp'

File /home/daedalus/Documents/aeron4need/cppbuild/Release/CMakeFiles/CMakeTmp/CheckSymbolExists.c:
/* */
#include <poll.h>

int main(int argc, char** argv)
{
  (void)argv;
#ifndef poll
  return ((int*)(&poll))[argc];
#else
  (void)argc;
  return 0;
#endif
}

Determining if the epoll_create exist passed with the following output:
Change Dir: /home/daedalus/Documents/aeron4need/cppbuild/Release/CMakeFiles/CMakeTmp

Run Build Command:"/usr/bin/make" "cmTC_429e5/fast"
/usr/bin/make -f CMakeFiles/cmTC_429e5.dir/build.make CMakeFiles/cmTC_429e5.dir/build
make[1]: Entering directory '/home/daedalus/Documents/aeron4need/cppbuild/Release/CMakeFiles/CMakeTmp'
Building C object CMakeFiles/cmTC_429e5.dir/CheckSymbolExists.c.o
/usr/bin/cc -D_GNU_SOURCE   -o CMakeFiles/cmTC_429e5.dir/CheckSymbolExists.c.o   -c /home/daedalus/Documents/aeron4need/cppbuild/Release/CMakeFiles/CMakeTmp/CheckSymbolExists.c
Linking C executable cmTC_429e5
/usr/local/bin/cmake -E cmake_link_script CMakeFiles/cmTC_429e5.dir/link.txt --verbose=1
/usr/bin/cc      -rdynamic CMakeFiles/cmTC_429e5.dir/CheckSymbolExists.c.o  -o cmTC_429e5 -lbsd -luuid 
make[1]: Leaving directory '/home/daedalus/Documents/aeron4need/cppbuild/Release/CMakeFiles/CMakeTmp'

File /home/daedalus/Documents/aeron4need/cppbuild/Release/CMakeFiles/CMakeTmp/CheckSymbolExists.c:
/* */
#include <sys/epoll.h>

int main(int argc, char** argv)
{
  (void)argv;
#ifndef epoll_create
  return ((int*)(&epoll_create))[argc];
#else
  (void)argc;
  return 0;
#endif
}

Determining if the include file sys/types.h exists passed with the following output:
Change Dir: /home/daedalus/Documents/aeron4need/cppbuild/Release/CMakeFiles/CMakeTmp

Run Build Command:"/usr/bin/make" "cmTC_8204b/fast"
/usr/bin/make -f CMakeFiles/cmTC_8204b.dir/build.make CMakeFiles/cmTC_8204b.dir/build
make[1]: Entering directory '/home/daedalus/Documents/aeron4need/cppbuild/Release/CMakeFiles/CMakeTmp'
Building C object CMakeFiles/cmTC_8204b.dir/CheckIncludeFile.c.o
/usr/bin/cc -D_GNU_SOURCE   -o CMakeFiles/cmTC_8204b.dir/CheckIncludeFile.c.o   -c /home/daedalus/Documents/aeron4need/cppbuild/Release/CMakeFiles/CMakeTmp/CheckIncludeFile.c
Linking C executable cmTC_8204b
/usr/local/bin/cmake -E cmake_link_script CMakeFiles/cmTC_8204b.dir/link.txt --verbose=1
/usr/bin/cc      -rdynamic CMakeFiles/cmTC_8204b.dir/CheckIncludeFile.c.o  -o cmTC_8204b 
make[1]: Leaving directory '/home/daedalus/Documents/aeron4need/cppbuild/Release/CMakeFiles/CMakeTmp'


Determining if the include file stdint.h exists passed with the following output:
Change Dir: /home/daedalus/Documents/aeron4need/cppbuild/Release/CMakeFiles/CMakeTmp

Run Build Command:"/usr/bin/make" "cmTC_0bd68/fast"
/usr/bin/make -f CMakeFiles/cmTC_0bd68.dir/build.make CMakeFiles/cmTC_0bd68.dir/build
make[1]: Entering directory '/home/daedalus/Documents/aeron4need/cppbuild/Release/CMakeFiles/CMakeTmp'
Building C object CMakeFiles/cmTC_0bd68.dir/CheckIncludeFile.c.o
/usr/bin/cc -D_GNU_SOURCE   -o CMakeFiles/cmTC_0bd68.dir/CheckIncludeFile.c.o   -c /home/daedalus/Documents/aeron4need/cppbuild/Release/CMakeFiles/CMakeTmp/CheckIncludeFile.c
Linking C executable cmTC_0bd68
/usr/local/bin/cmake -E cmake_link_script CMakeFiles/cmTC_0bd68.dir/link.txt --verbose=1
/usr/bin/cc      -rdynamic CMakeFiles/cmTC_0bd68.dir/CheckIncludeFile.c.o  -o cmTC_0bd68 
make[1]: Leaving directory '/home/daedalus/Documents/aeron4need/cppbuild/Release/CMakeFiles/CMakeTmp'


Determining if the include file stddef.h exists passed with the following output:
Change Dir: /home/daedalus/Documents/aeron4need/cppbuild/Release/CMakeFiles/CMakeTmp

Run Build Command:"/usr/bin/make" "cmTC_c8b9f/fast"
/usr/bin/make -f CMakeFiles/cmTC_c8b9f.dir/build.make CMakeFiles/cmTC_c8b9f.dir/build
make[1]: Entering directory '/home/daedalus/Documents/aeron4need/cppbuild/Release/CMakeFiles/CMakeTmp'
Building C object CMakeFiles/cmTC_c8b9f.dir/CheckIncludeFile.c.o
/usr/bin/cc -D_GNU_SOURCE   -o CMakeFiles/cmTC_c8b9f.dir/CheckIncludeFile.c.o   -c /home/daedalus/Documents/aeron4need/cppbuild/Release/CMakeFiles/CMakeTmp/CheckIncludeFile.c
Linking C executable cmTC_c8b9f
/usr/local/bin/cmake -E cmake_link_script CMakeFiles/cmTC_c8b9f.dir/link.txt --verbose=1
/usr/bin/cc      -rdynamic CMakeFiles/cmTC_c8b9f.dir/CheckIncludeFile.c.o  -o cmTC_c8b9f 
make[1]: Leaving directory '/home/daedalus/Documents/aeron4need/cppbuild/Release/CMakeFiles/CMakeTmp'


Determining size of struct mmsghdr passed with the following output:
Change Dir: /home/daedalus/Documents/aeron4need/cppbuild/Release/CMakeFiles/CMakeTmp

Run Build Command:"/usr/bin/make" "cmTC_ab1bc/fast"
/usr/bin/make -f CMakeFiles/cmTC_ab1bc.dir/build.make CMakeFiles/cmTC_ab1bc.dir/build
make[1]: Entering directory '/home/daedalus/Documents/aeron4need/cppbuild/Release/CMakeFiles/CMakeTmp'
Building C object CMakeFiles/cmTC_ab1bc.dir/STRUCT_MMSGHDR_TYPE_EXISTS.c.o
/usr/bin/cc -D_GNU_SOURCE   -o CMakeFiles/cmTC_ab1bc.dir/STRUCT_MMSGHDR_TYPE_EXISTS.c.o   -c /home/daedalus/Documents/aeron4need/cppbuild/Release/CMakeFiles/CheckTypeSize/STRUCT_MMSGHDR_TYPE_EXISTS.c
Linking C executable cmTC_ab1bc
/usr/local/bin/cmake -E cmake_link_script CMakeFiles/cmTC_ab1bc.dir/link.txt --verbose=1
/usr/bin/cc      -rdynamic CMakeFiles/cmTC_ab1bc.dir/STRUCT_MMSGHDR_TYPE_EXISTS.c.o  -o cmTC_ab1bc -lbsd -luuid 
make[1]: Leaving directory '/home/daedalus/Documents/aeron4need/cppbuild/Release/CMakeFiles/CMakeTmp'


Determining if the recvmmsg exist passed with the following output:
Change Dir: /home/daedalus/Documents/aeron4need/cppbuild/Release/CMakeFiles/CMakeTmp

Run Build Command:"/usr/bin/make" "cmTC_6c0c4/fast"
/usr/bin/make -f CMakeFiles/cmTC_6c0c4.dir/build.make CMakeFiles/cmTC_6c0c4.dir/build
make[1]: Entering directory '/home/daedalus/Documents/aeron4need/cppbuild/Release/CMakeFiles/CMakeTmp'
Building C object CMakeFiles/cmTC_6c0c4.dir/CheckSymbolExists.c.o
/usr/bin/cc -D_GNU_SOURCE   -o CMakeFiles/cmTC_6c0c4.dir/CheckSymbolExists.c.o   -c /home/daedalus/Documents/aeron4need/cppbuild/Release/CMakeFiles/CMakeTmp/CheckSymbolExists.c
Linking C executable cmTC_6c0c4
/usr/local/bin/cmake -E cmake_link_script CMakeFiles/cmTC_6c0c4.dir/link.txt --verbose=1
/usr/bin/cc      -rdynamic CMakeFiles/cmTC_6c0c4.dir/CheckSymbolExists.c.o  -o cmTC_6c0c4 -lbsd -luuid 
make[1]: Leaving directory '/home/daedalus/Documents/aeron4need/cppbuild/Release/CMakeFiles/CMakeTmp'

File /home/daedalus/Documents/aeron4need/cppbuild/Release/CMakeFiles/CMakeTmp/CheckSymbolExists.c:
/* */
#include <sys/socket.h>

int main(int argc, char** argv)
{
  (void)argv;
#ifndef recvmmsg
  return ((int*)(&recvmmsg))[argc];
#else
  (void)argc;
  return 0;
#endif
}

Determining if the sendmmsg exist passed with the following output:
Change Dir: /home/daedalus/Documents/aeron4need/cppbuild/Release/CMakeFiles/CMakeTmp

Run Build Command:"/usr/bin/make" "cmTC_3b72d/fast"
/usr/bin/make -f CMakeFiles/cmTC_3b72d.dir/build.make CMakeFiles/cmTC_3b72d.dir/build
make[1]: Entering directory '/home/daedalus/Documents/aeron4need/cppbuild/Release/CMakeFiles/CMakeTmp'
Building C object CMakeFiles/cmTC_3b72d.dir/CheckSymbolExists.c.o
/usr/bin/cc -D_GNU_SOURCE   -o CMakeFiles/cmTC_3b72d.dir/CheckSymbolExists.c.o   -c /home/daedalus/Documents/aeron4need/cppbuild/Release/CMakeFiles/CMakeTmp/CheckSymbolExists.c
Linking C executable cmTC_3b72d
/usr/local/bin/cmake -E cmake_link_script CMakeFiles/cmTC_3b72d.dir/link.txt --verbose=1
/usr/bin/cc      -rdynamic CMakeFiles/cmTC_3b72d.dir/CheckSymbolExists.c.o  -o cmTC_3b72d -lbsd -luuid 
make[1]: Leaving directory '/home/daedalus/Documents/aeron4need/cppbuild/Release/CMakeFiles/CMakeTmp'

File /home/daedalus/Documents/aeron4need/cppbuild/Release/CMakeFiles/CMakeTmp/CheckSymbolExists.c:
/* */
#include <sys/socket.h>

int main(int argc, char** argv)
{
  (void)argv;
#ifndef sendmmsg
  return ((int*)(&sendmmsg))[argc];
#else
  (void)argc;
  return 0;
#endif
}

Determining if the fallocate exist passed with the following output:
Change Dir: /home/daedalus/Documents/aeron4need/cppbuild/Release/CMakeFiles/CMakeTmp

Run Build Command:"/usr/bin/make" "cmTC_f2697/fast"
/usr/bin/make -f CMakeFiles/cmTC_f2697.dir/build.make CMakeFiles/cmTC_f2697.dir/build
make[1]: Entering directory '/home/daedalus/Documents/aeron4need/cppbuild/Release/CMakeFiles/CMakeTmp'
Building C object CMakeFiles/cmTC_f2697.dir/CheckSymbolExists.c.o
/usr/bin/cc -D_GNU_SOURCE   -o CMakeFiles/cmTC_f2697.dir/CheckSymbolExists.c.o   -c /home/daedalus/Documents/aeron4need/cppbuild/Release/CMakeFiles/CMakeTmp/CheckSymbolExists.c
Linking C executable cmTC_f2697
/usr/local/bin/cmake -E cmake_link_script CMakeFiles/cmTC_f2697.dir/link.txt --verbose=1
/usr/bin/cc      -rdynamic CMakeFiles/cmTC_f2697.dir/CheckSymbolExists.c.o  -o cmTC_f2697 -lbsd -luuid 
make[1]: Leaving directory '/home/daedalus/Documents/aeron4need/cppbuild/Release/CMakeFiles/CMakeTmp'

File /home/daedalus/Documents/aeron4need/cppbuild/Release/CMakeFiles/CMakeTmp/CheckSymbolExists.c:
/* */
#include <fcntl.h>

int main(int argc, char** argv)
{
  (void)argv;
#ifndef fallocate
  return ((int*)(&fallocate))[argc];
#else
  (void)argc;
  return 0;
#endif
}

