Determining if the pthread_create exist failed with the following output:
Change Dir: /home/daedalus/Documents/aeron4need/cppbuild/Release/CMakeFiles/CMakeTmp

Run Build Command:"/usr/bin/make" "cmTC_ae8b8/fast"
/usr/bin/make -f CMakeFiles/cmTC_ae8b8.dir/build.make CMakeFiles/cmTC_ae8b8.dir/build
make[1]: Entering directory '/home/daedalus/Documents/aeron4need/cppbuild/Release/CMakeFiles/CMakeTmp'
Building C object CMakeFiles/cmTC_ae8b8.dir/CheckSymbolExists.c.o
/usr/bin/cc    -o CMakeFiles/cmTC_ae8b8.dir/CheckSymbolExists.c.o   -c /home/daedalus/Documents/aeron4need/cppbuild/Release/CMakeFiles/CMakeTmp/CheckSymbolExists.c
Linking C executable cmTC_ae8b8
/usr/local/bin/cmake -E cmake_link_script CMakeFiles/cmTC_ae8b8.dir/link.txt --verbose=1
/usr/bin/cc      -rdynamic CMakeFiles/cmTC_ae8b8.dir/CheckSymbolExists.c.o  -o cmTC_ae8b8 
/usr/bin/ld: CMakeFiles/cmTC_ae8b8.dir/CheckSymbolExists.c.o: in function `main':
CheckSymbolExists.c:(.text+0x1b): undefined reference to `pthread_create'
collect2: error: ld returned 1 exit status
make[1]: *** [CMakeFiles/cmTC_ae8b8.dir/build.make:87: cmTC_ae8b8] Error 1
make[1]: Leaving directory '/home/daedalus/Documents/aeron4need/cppbuild/Release/CMakeFiles/CMakeTmp'
make: *** [Makefile:121: cmTC_ae8b8/fast] Error 2

File /home/daedalus/Documents/aeron4need/cppbuild/Release/CMakeFiles/CMakeTmp/CheckSymbolExists.c:
/* */
#include <pthread.h>

int main(int argc, char** argv)
{
  (void)argv;
#ifndef pthread_create
  return ((int*)(&pthread_create))[argc];
#else
  (void)argc;
  return 0;
#endif
}

Determining if the function pthread_create exists in the pthreads failed with the following output:
Change Dir: /home/daedalus/Documents/aeron4need/cppbuild/Release/CMakeFiles/CMakeTmp

Run Build Command:"/usr/bin/make" "cmTC_66c53/fast"
/usr/bin/make -f CMakeFiles/cmTC_66c53.dir/build.make CMakeFiles/cmTC_66c53.dir/build
make[1]: Entering directory '/home/daedalus/Documents/aeron4need/cppbuild/Release/CMakeFiles/CMakeTmp'
Building C object CMakeFiles/cmTC_66c53.dir/CheckFunctionExists.c.o
/usr/bin/cc   -DCHECK_FUNCTION_EXISTS=pthread_create   -o CMakeFiles/cmTC_66c53.dir/CheckFunctionExists.c.o   -c /usr/local/share/cmake-3.13/Modules/CheckFunctionExists.c
Linking C executable cmTC_66c53
/usr/local/bin/cmake -E cmake_link_script CMakeFiles/cmTC_66c53.dir/link.txt --verbose=1
/usr/bin/cc  -DCHECK_FUNCTION_EXISTS=pthread_create    -rdynamic CMakeFiles/cmTC_66c53.dir/CheckFunctionExists.c.o  -o cmTC_66c53 -lpthreads 
/usr/bin/ld: cannot find -lpthreads
collect2: error: ld returned 1 exit status
make[1]: *** [CMakeFiles/cmTC_66c53.dir/build.make:87: cmTC_66c53] Error 1
make[1]: Leaving directory '/home/daedalus/Documents/aeron4need/cppbuild/Release/CMakeFiles/CMakeTmp'
make: *** [Makefile:121: cmTC_66c53/fast] Error 2


